<?xml version="1.0" encoding="UTF-8"?>
<testng-results skipped="0" failed="0" ignored="0" total="4" passed="4">
  <reporter-output>
  </reporter-output>
  <suite name="Suite" duration-ms="69" started-at="2019-03-27T18:14:08Z" finished-at="2019-03-27T18:14:08Z">
    <groups>
    </groups>
    <test name="Test" duration-ms="69" started-at="2019-03-27T18:14:08Z" finished-at="2019-03-27T18:14:08Z">
      <class name="qaclickacademy.RestAPITest">
        <test-method status="PASS" signature="deleteTwitter()[pri:0, instance:qaclickacademy.RestAPITest@6aaa5eb0]" name="deleteTwitter" duration-ms="0" started-at="2019-03-27T18:14:08Z" finished-at="2019-03-27T18:14:08Z">
          <reporter-output>
          </reporter-output>
        </test-method> <!-- deleteTwitter -->
        <test-method status="PASS" signature="postJira()[pri:0, instance:qaclickacademy.RestAPITest@6aaa5eb0]" name="postJira" duration-ms="0" started-at="2019-03-27T18:14:08Z" finished-at="2019-03-27T18:14:08Z">
          <reporter-output>
          </reporter-output>
        </test-method> <!-- postJira -->
      </class> <!-- qaclickacademy.RestAPITest -->
      <class name="qaclickacademy.SeleniumTest">
        <test-method status="PASS" signature="BrowserAutomation()[pri:0, instance:qaclickacademy.SeleniumTest@13969fbe]" name="BrowserAutomation" duration-ms="13" started-at="2019-03-27T18:14:08Z" finished-at="2019-03-27T18:14:08Z">
          <reporter-output>
          </reporter-output>
        </test-method> <!-- BrowserAutomation -->
        <test-method status="PASS" signature="elementsUI()[pri:0, instance:qaclickacademy.SeleniumTest@13969fbe]" name="elementsUI" duration-ms="0" started-at="2019-03-27T18:14:08Z" finished-at="2019-03-27T18:14:08Z">
          <reporter-output>
          </reporter-output>
        </test-method> <!-- elementsUI -->
      </class> <!-- qaclickacademy.SeleniumTest -->
    </test> <!-- Test -->
  </suite> <!-- Suite -->
</testng-results>
